[00:11:27] [Thread-2/WARN]: Configuration file /workspaces/Vanilla-/servidor_minecraft/./config/doespotatotick-common.toml is not correct. Correcting
[00:11:27] [Thread-2/WARN]: Incorrect key Living Entities Tick Settings was corrected from null to its default, SimpleCommentedConfig:{}. 
[00:11:27] [Thread-2/WARN]: Incorrect key Living Entities Tick Settings.OptimizeEntitiesTicking was corrected from null to its default, true. 
[00:11:27] [Thread-2/WARN]: Incorrect key Living Entities Tick Settings.LivingEntitiesMaxHorizontalTickDistance was corrected from null to its default, 64. 
[00:11:27] [Thread-2/WARN]: Incorrect key Living Entities Tick Settings.LivingEntitiesMaxVerticalTickDistance was corrected from null to its default, 32. 
[00:11:27] [Thread-2/WARN]: Incorrect key Living Entities Tick Settings.EntitiesWhitelist was corrected from null to its default, [minecraft:ender_dragon, minecraft:ghast, minecraft:wither, minecraft:player, alexsmobs:void_worm, alexsmobs:void_worm_part, alexsmobs:spectre, twilightforest:naga, twilightforest:lich, twilightforest:yeti, twilightforest:snow_queen, twilightforest:minoshroom, twilightforest:hydra, twilightforest:knight_phantom, twilightforest:ur_ghast, atum:pharaoh, mowziesmobs:barako, mowziesmobs:ferrous_wroughtnaut, mowziesmobs:frostmaw, mowziesmobs:naga, aoa3:skeletron, aoa3:smash, aoa3:baroness, aoa3:clunkhead, aoa3:corallus, aoa3:cotton_candor, aoa3:craexxeus, aoa3:xxeus, aoa3:creep, aoa3:crystocore, aoa3:dracyon, aoa3:graw, aoa3:gyro, aoa3:hive_king, aoa3:kajaros, aoa3:miskel, aoa3:harkos, aoa3:raxxan, aoa3:okazor, aoa3:king_bambambam, aoa3:king_shroomus, aoa3:kror, aoa3:mechbot, aoa3:nethengeic_wither, aoa3:red_guardian, aoa3:blue_guardian, aoa3:green_guardian, aoa3:yellow_guardian, aoa3:rock_rider, aoa3:shadowlord, aoa3:tyrosaur, aoa3:vinecorne, aoa3:visualent, aoa3:voxxulon, aoa3:bane, aoa3:elusive, gaiadimension:malachite_drone, gaiadimension:malachite_guard, blue_skies:alchemist, blue_skies:arachnarch, blue_skies:starlit_crusher, blue_skies:summoner, stalwart_dungeons:awful_ghast, stalwart_dungeons:nether_keeper, stalwart_dungeons:shelterer_without_armor, dungeonsmod:extrapart, dungeonsmod:king, dungeonsmod:deserted, dungeonsmod:crawler, dungeonsmod:ironslime, dungeonsmod:kraken, dungeonsmod:voidmaster, dungeonsmod:lordskeleton, dungeonsmod:winterhunter, dungeonsmod:sun, forestcraft:beequeen, forestcraft:iguana_king, forestcraft:cosmic_fiend, forestcraft:nether_scourge, cataclysm:ender_golem, cataclysm:ender_guardian, cataclysm:ignis, cataclysm:ignited_revenant, cataclysm:netherite_monstrosity, iceandfire:fire_dragon, iceandfire:ice_dragon, iceandfire:lightning_dragon, iceandfire:dragon_multipart]. 
[00:11:27] [Thread-2/WARN]: Incorrect key Living Entities Tick Settings.EntitiesModIDWhiteList was corrected from null to its default, [create, witherstormmod]. 
[00:11:27] [Thread-2/WARN]: Incorrect key Living Entities Tick Settings.TickRaidersInRaid was corrected from null to its default, true. 
[00:11:27] [Thread-2/WARN]: Incorrect key Living Entities Tick Settings.RaidEntitiesWhiteList was corrected from null to its default, [minecraft:witch, minecraft:vex]. 
[00:11:27] [Thread-2/WARN]: Incorrect key Living Entities Tick Settings.RaidEntitiesModIDWhiteList was corrected from null to its default, []. 
[00:11:27] [Thread-2/WARN]: Incorrect key Living Entities Tick Settings.AllowForceLoaded was corrected from null to its default, true. 
[00:11:27] [Thread-2/WARN]: Incorrect key Living Entities Tick Settings.DimensionWhitelist was corrected from null to its default, []. 
[00:11:27] [Thread-2/WARN]: Incorrect key Living Entities Tick Settings.IgnoreDeadEntities was corrected from null to its default, false. 
[00:11:27] [Thread-2/WARN]: Incorrect key Living Entities Tick Settings.Ignore hostile entities was corrected from null to its default, false. 
[00:11:28] [Thread-2/WARN]: Incorrect key Item Entities Tick Settings was corrected from null to its default, SimpleCommentedConfig:{}. 
[00:11:28] [Thread-2/WARN]: Incorrect key Item Entities Tick Settings.OptimizeItemMovement was corrected from null to its default, false. 
[00:11:28] [Thread-2/WARN]: Incorrect key Item Entities Tick Settings.ItemWhiteList was corrected from null to its default, [minecraft:cobblestone]. 
[00:11:28] [Thread-2/WARN]: Configuration file /workspaces/Vanilla-/servidor_minecraft/./config/doespotatotick-common.toml is not correct. Correcting
[00:11:28] [Thread-2/WARN]: Incorrect key Living Entities Tick Settings was corrected from null to its default, SimpleCommentedConfig:{}. 
[00:11:28] [Thread-2/WARN]: Incorrect key Living Entities Tick Settings.OptimizeEntitiesTicking was corrected from null to its default, true. 
[00:11:28] [Thread-2/WARN]: Incorrect key Living Entities Tick Settings.LivingEntitiesMaxHorizontalTickDistance was corrected from null to its default, 64. 
[00:11:28] [Thread-2/WARN]: Incorrect key Living Entities Tick Settings.LivingEntitiesMaxVerticalTickDistance was corrected from null to its default, 32. 
[00:11:28] [Thread-2/WARN]: Incorrect key Living Entities Tick Settings.EntitiesWhitelist was corrected from null to its default, [minecraft:ender_dragon, minecraft:ghast, minecraft:wither, minecraft:player, alexsmobs:void_worm, alexsmobs:void_worm_part, alexsmobs:spectre, twilightforest:naga, twilightforest:lich, twilightforest:yeti, twilightforest:snow_queen, twilightforest:minoshroom, twilightforest:hydra, twilightforest:knight_phantom, twilightforest:ur_ghast, atum:pharaoh, mowziesmobs:barako, mowziesmobs:ferrous_wroughtnaut, mowziesmobs:frostmaw, mowziesmobs:naga, aoa3:skeletron, aoa3:smash, aoa3:baroness, aoa3:clunkhead, aoa3:corallus, aoa3:cotton_candor, aoa3:craexxeus, aoa3:xxeus, aoa3:creep, aoa3:crystocore, aoa3:dracyon, aoa3:graw, aoa3:gyro, aoa3:hive_king, aoa3:kajaros, aoa3:miskel, aoa3:harkos, aoa3:raxxan, aoa3:okazor, aoa3:king_bambambam, aoa3:king_shroomus, aoa3:kror, aoa3:mechbot, aoa3:nethengeic_wither, aoa3:red_guardian, aoa3:blue_guardian, aoa3:green_guardian, aoa3:yellow_guardian, aoa3:rock_rider, aoa3:shadowlord, aoa3:tyrosaur, aoa3:vinecorne, aoa3:visualent, aoa3:voxxulon, aoa3:bane, aoa3:elusive, gaiadimension:malachite_drone, gaiadimension:malachite_guard, blue_skies:alchemist, blue_skies:arachnarch, blue_skies:starlit_crusher, blue_skies:summoner, stalwart_dungeons:awful_ghast, stalwart_dungeons:nether_keeper, stalwart_dungeons:shelterer_without_armor, dungeonsmod:extrapart, dungeonsmod:king, dungeonsmod:deserted, dungeonsmod:crawler, dungeonsmod:ironslime, dungeonsmod:kraken, dungeonsmod:voidmaster, dungeonsmod:lordskeleton, dungeonsmod:winterhunter, dungeonsmod:sun, forestcraft:beequeen, forestcraft:iguana_king, forestcraft:cosmic_fiend, forestcraft:nether_scourge, cataclysm:ender_golem, cataclysm:ender_guardian, cataclysm:ignis, cataclysm:ignited_revenant, cataclysm:netherite_monstrosity, iceandfire:fire_dragon, iceandfire:ice_dragon, iceandfire:lightning_dragon, iceandfire:dragon_multipart]. 
[00:11:28] [Thread-2/WARN]: Incorrect key Living Entities Tick Settings.EntitiesModIDWhiteList was corrected from null to its default, [create, witherstormmod]. 
[00:11:28] [Thread-2/WARN]: Incorrect key Living Entities Tick Settings.TickRaidersInRaid was corrected from null to its default, true. 
[00:11:28] [Thread-2/WARN]: Incorrect key Living Entities Tick Settings.RaidEntitiesWhiteList was corrected from null to its default, [minecraft:witch, minecraft:vex]. 
[00:11:28] [Thread-2/WARN]: Incorrect key Living Entities Tick Settings.RaidEntitiesModIDWhiteList was corrected from null to its default, []. 
[00:11:28] [Thread-2/WARN]: Incorrect key Living Entities Tick Settings.AllowForceLoaded was corrected from null to its default, true. 
[00:11:28] [Thread-2/WARN]: Incorrect key Living Entities Tick Settings.DimensionWhitelist was corrected from null to its default, []. 
[00:11:28] [Thread-2/WARN]: Incorrect key Living Entities Tick Settings.IgnoreDeadEntities was corrected from null to its default, false. 
[00:11:28] [Thread-2/WARN]: Incorrect key Living Entities Tick Settings.Ignore hostile entities was corrected from null to its default, false. 
[00:11:28] [Thread-2/WARN]: Incorrect key Item Entities Tick Settings was corrected from null to its default, SimpleCommentedConfig:{}. 
[00:11:28] [Thread-2/WARN]: Incorrect key Item Entities Tick Settings.OptimizeItemMovement was corrected from null to its default, false. 
[00:11:28] [Thread-2/WARN]: Incorrect key Item Entities Tick Settings.ItemWhiteList was corrected from null to its default, [minecraft:cobblestone]. 
[00:11:28] [Thread-2/WARN]: Configuration file /workspaces/Vanilla-/servidor_minecraft/./config/doespotatotick-common.toml is not correct. Correcting
[00:11:28] [Thread-2/WARN]: Incorrect key Living Entities Tick Settings was corrected from null to its default, SimpleCommentedConfig:{}. 
[00:11:28] [Thread-2/WARN]: Incorrect key Living Entities Tick Settings.OptimizeEntitiesTicking was corrected from null to its default, true. 
[00:11:28] [Thread-2/WARN]: Incorrect key Living Entities Tick Settings.LivingEntitiesMaxHorizontalTickDistance was corrected from null to its default, 64. 
[00:11:28] [Thread-2/WARN]: Incorrect key Living Entities Tick Settings.LivingEntitiesMaxVerticalTickDistance was corrected from null to its default, 32. 
[00:11:28] [Thread-2/WARN]: Incorrect key Living Entities Tick Settings.EntitiesWhitelist was corrected from null to its default, [minecraft:ender_dragon, minecraft:ghast, minecraft:wither, minecraft:player, alexsmobs:void_worm, alexsmobs:void_worm_part, alexsmobs:spectre, twilightforest:naga, twilightforest:lich, twilightforest:yeti, twilightforest:snow_queen, twilightforest:minoshroom, twilightforest:hydra, twilightforest:knight_phantom, twilightforest:ur_ghast, atum:pharaoh, mowziesmobs:barako, mowziesmobs:ferrous_wroughtnaut, mowziesmobs:frostmaw, mowziesmobs:naga, aoa3:skeletron, aoa3:smash, aoa3:baroness, aoa3:clunkhead, aoa3:corallus, aoa3:cotton_candor, aoa3:craexxeus, aoa3:xxeus, aoa3:creep, aoa3:crystocore, aoa3:dracyon, aoa3:graw, aoa3:gyro, aoa3:hive_king, aoa3:kajaros, aoa3:miskel, aoa3:harkos, aoa3:raxxan, aoa3:okazor, aoa3:king_bambambam, aoa3:king_shroomus, aoa3:kror, aoa3:mechbot, aoa3:nethengeic_wither, aoa3:red_guardian, aoa3:blue_guardian, aoa3:green_guardian, aoa3:yellow_guardian, aoa3:rock_rider, aoa3:shadowlord, aoa3:tyrosaur, aoa3:vinecorne, aoa3:visualent, aoa3:voxxulon, aoa3:bane, aoa3:elusive, gaiadimension:malachite_drone, gaiadimension:malachite_guard, blue_skies:alchemist, blue_skies:arachnarch, blue_skies:starlit_crusher, blue_skies:summoner, stalwart_dungeons:awful_ghast, stalwart_dungeons:nether_keeper, stalwart_dungeons:shelterer_without_armor, dungeonsmod:extrapart, dungeonsmod:king, dungeonsmod:deserted, dungeonsmod:crawler, dungeonsmod:ironslime, dungeonsmod:kraken, dungeonsmod:voidmaster, dungeonsmod:lordskeleton, dungeonsmod:winterhunter, dungeonsmod:sun, forestcraft:beequeen, forestcraft:iguana_king, forestcraft:cosmic_fiend, forestcraft:nether_scourge, cataclysm:ender_golem, cataclysm:ender_guardian, cataclysm:ignis, cataclysm:ignited_revenant, cataclysm:netherite_monstrosity, iceandfire:fire_dragon, iceandfire:ice_dragon, iceandfire:lightning_dragon, iceandfire:dragon_multipart]. 
[00:11:28] [Thread-2/WARN]: Incorrect key Living Entities Tick Settings.EntitiesModIDWhiteList was corrected from null to its default, [create, witherstormmod]. 
[00:11:28] [Thread-2/WARN]: Incorrect key Living Entities Tick Settings.TickRaidersInRaid was corrected from null to its default, true. 
[00:11:28] [Thread-2/WARN]: Incorrect key Living Entities Tick Settings.RaidEntitiesWhiteList was corrected from null to its default, [minecraft:witch, minecraft:vex]. 
[00:11:28] [Thread-2/WARN]: Incorrect key Living Entities Tick Settings.RaidEntitiesModIDWhiteList was corrected from null to its default, []. 
[00:11:28] [Thread-2/WARN]: Incorrect key Living Entities Tick Settings.AllowForceLoaded was corrected from null to its default, true. 
[00:11:28] [Thread-2/WARN]: Incorrect key Living Entities Tick Settings.DimensionWhitelist was corrected from null to its default, []. 
[00:11:28] [Thread-2/WARN]: Incorrect key Living Entities Tick Settings.IgnoreDeadEntities was corrected from null to its default, false. 
[00:11:28] [Thread-2/WARN]: Incorrect key Living Entities Tick Settings.Ignore hostile entities was corrected from null to its default, false. 
[00:11:28] [Thread-2/WARN]: Incorrect key Item Entities Tick Settings was corrected from null to its default, SimpleCommentedConfig:{}. 
[00:11:28] [Thread-2/WARN]: Incorrect key Item Entities Tick Settings.OptimizeItemMovement was corrected from null to its default, false. 
[00:11:28] [Thread-2/WARN]: Incorrect key Item Entities Tick Settings.ItemWhiteList was corrected from null to its default, [minecraft:cobblestone]. 
[00:11:28] [Thread-2/WARN]: Configuration file /workspaces/Vanilla-/servidor_minecraft/./config/doespotatotick-common.toml is not correct. Correcting
[00:11:28] [Thread-2/WARN]: Incorrect key Living Entities Tick Settings was corrected from null to its default, SimpleCommentedConfig:{}. 
[00:11:28] [Thread-2/WARN]: Incorrect key Living Entities Tick Settings.OptimizeEntitiesTicking was corrected from null to its default, true. 
[00:11:28] [Thread-2/WARN]: Incorrect key Living Entities Tick Settings.LivingEntitiesMaxHorizontalTickDistance was corrected from null to its default, 64. 
[00:11:28] [Thread-2/WARN]: Incorrect key Living Entities Tick Settings.LivingEntitiesMaxVerticalTickDistance was corrected from null to its default, 32. 
[00:11:28] [Thread-2/WARN]: Incorrect key Living Entities Tick Settings.EntitiesWhitelist was corrected from null to its default, [minecraft:ender_dragon, minecraft:ghast, minecraft:wither, minecraft:player, alexsmobs:void_worm, alexsmobs:void_worm_part, alexsmobs:spectre, twilightforest:naga, twilightforest:lich, twilightforest:yeti, twilightforest:snow_queen, twilightforest:minoshroom, twilightforest:hydra, twilightforest:knight_phantom, twilightforest:ur_ghast, atum:pharaoh, mowziesmobs:barako, mowziesmobs:ferrous_wroughtnaut, mowziesmobs:frostmaw, mowziesmobs:naga, aoa3:skeletron, aoa3:smash, aoa3:baroness, aoa3:clunkhead, aoa3:corallus, aoa3:cotton_candor, aoa3:craexxeus, aoa3:xxeus, aoa3:creep, aoa3:crystocore, aoa3:dracyon, aoa3:graw, aoa3:gyro, aoa3:hive_king, aoa3:kajaros, aoa3:miskel, aoa3:harkos, aoa3:raxxan, aoa3:okazor, aoa3:king_bambambam, aoa3:king_shroomus, aoa3:kror, aoa3:mechbot, aoa3:nethengeic_wither, aoa3:red_guardian, aoa3:blue_guardian, aoa3:green_guardian, aoa3:yellow_guardian, aoa3:rock_rider, aoa3:shadowlord, aoa3:tyrosaur, aoa3:vinecorne, aoa3:visualent, aoa3:voxxulon, aoa3:bane, aoa3:elusive, gaiadimension:malachite_drone, gaiadimension:malachite_guard, blue_skies:alchemist, blue_skies:arachnarch, blue_skies:starlit_crusher, blue_skies:summoner, stalwart_dungeons:awful_ghast, stalwart_dungeons:nether_keeper, stalwart_dungeons:shelterer_without_armor, dungeonsmod:extrapart, dungeonsmod:king, dungeonsmod:deserted, dungeonsmod:crawler, dungeonsmod:ironslime, dungeonsmod:kraken, dungeonsmod:voidmaster, dungeonsmod:lordskeleton, dungeonsmod:winterhunter, dungeonsmod:sun, forestcraft:beequeen, forestcraft:iguana_king, forestcraft:cosmic_fiend, forestcraft:nether_scourge, cataclysm:ender_golem, cataclysm:ender_guardian, cataclysm:ignis, cataclysm:ignited_revenant, cataclysm:netherite_monstrosity, iceandfire:fire_dragon, iceandfire:ice_dragon, iceandfire:lightning_dragon, iceandfire:dragon_multipart]. 
[00:11:28] [Thread-2/WARN]: Incorrect key Living Entities Tick Settings.EntitiesModIDWhiteList was corrected from null to its default, [create, witherstormmod]. 
[00:11:28] [Thread-2/WARN]: Incorrect key Living Entities Tick Settings.TickRaidersInRaid was corrected from null to its default, true. 
[00:11:28] [Thread-2/WARN]: Incorrect key Living Entities Tick Settings.RaidEntitiesWhiteList was corrected from null to its default, [minecraft:witch, minecraft:vex]. 
[00:11:28] [Thread-2/WARN]: Incorrect key Living Entities Tick Settings.RaidEntitiesModIDWhiteList was corrected from null to its default, []. 
[00:11:28] [Thread-2/WARN]: Incorrect key Living Entities Tick Settings.AllowForceLoaded was corrected from null to its default, true. 
[00:11:28] [Thread-2/WARN]: Incorrect key Living Entities Tick Settings.DimensionWhitelist was corrected from null to its default, []. 
[00:11:28] [Thread-2/WARN]: Incorrect key Living Entities Tick Settings.IgnoreDeadEntities was corrected from null to its default, false. 
[00:11:28] [Thread-2/WARN]: Incorrect key Living Entities Tick Settings.Ignore hostile entities was corrected from null to its default, false. 
[00:11:28] [Thread-2/WARN]: Incorrect key Item Entities Tick Settings was corrected from null to its default, SimpleCommentedConfig:{}. 
[00:11:28] [Thread-2/WARN]: Incorrect key Item Entities Tick Settings.OptimizeItemMovement was corrected from null to its default, false. 
[00:11:28] [Thread-2/WARN]: Incorrect key Item Entities Tick Settings.ItemWhiteList was corrected from null to its default, [minecraft:cobblestone]. 
[00:11:28] [Thread-2/WARN]: Configuration file /workspaces/Vanilla-/servidor_minecraft/./config/doespotatotick-common.toml is not correct. Correcting
[00:11:28] [Thread-2/WARN]: Incorrect key Living Entities Tick Settings was corrected from null to its default, SimpleCommentedConfig:{}. 
[00:11:28] [Thread-2/WARN]: Incorrect key Living Entities Tick Settings.OptimizeEntitiesTicking was corrected from null to its default, true. 
[00:11:28] [Thread-2/WARN]: Incorrect key Living Entities Tick Settings.LivingEntitiesMaxHorizontalTickDistance was corrected from null to its default, 64. 
[00:11:28] [Thread-2/WARN]: Incorrect key Living Entities Tick Settings.LivingEntitiesMaxVerticalTickDistance was corrected from null to its default, 32. 
[00:11:28] [Thread-2/WARN]: Incorrect key Living Entities Tick Settings.EntitiesWhitelist was corrected from null to its default, [minecraft:ender_dragon, minecraft:ghast, minecraft:wither, minecraft:player, alexsmobs:void_worm, alexsmobs:void_worm_part, alexsmobs:spectre, twilightforest:naga, twilightforest:lich, twilightforest:yeti, twilightforest:snow_queen, twilightforest:minoshroom, twilightforest:hydra, twilightforest:knight_phantom, twilightforest:ur_ghast, atum:pharaoh, mowziesmobs:barako, mowziesmobs:ferrous_wroughtnaut, mowziesmobs:frostmaw, mowziesmobs:naga, aoa3:skeletron, aoa3:smash, aoa3:baroness, aoa3:clunkhead, aoa3:corallus, aoa3:cotton_candor, aoa3:craexxeus, aoa3:xxeus, aoa3:creep, aoa3:crystocore, aoa3:dracyon, aoa3:graw, aoa3:gyro, aoa3:hive_king, aoa3:kajaros, aoa3:miskel, aoa3:harkos, aoa3:raxxan, aoa3:okazor, aoa3:king_bambambam, aoa3:king_shroomus, aoa3:kror, aoa3:mechbot, aoa3:nethengeic_wither, aoa3:red_guardian, aoa3:blue_guardian, aoa3:green_guardian, aoa3:yellow_guardian, aoa3:rock_rider, aoa3:shadowlord, aoa3:tyrosaur, aoa3:vinecorne, aoa3:visualent, aoa3:voxxulon, aoa3:bane, aoa3:elusive, gaiadimension:malachite_drone, gaiadimension:malachite_guard, blue_skies:alchemist, blue_skies:arachnarch, blue_skies:starlit_crusher, blue_skies:summoner, stalwart_dungeons:awful_ghast, stalwart_dungeons:nether_keeper, stalwart_dungeons:shelterer_without_armor, dungeonsmod:extrapart, dungeonsmod:king, dungeonsmod:deserted, dungeonsmod:crawler, dungeonsmod:ironslime, dungeonsmod:kraken, dungeonsmod:voidmaster, dungeonsmod:lordskeleton, dungeonsmod:winterhunter, dungeonsmod:sun, forestcraft:beequeen, forestcraft:iguana_king, forestcraft:cosmic_fiend, forestcraft:nether_scourge, cataclysm:ender_golem, cataclysm:ender_guardian, cataclysm:ignis, cataclysm:ignited_revenant, cataclysm:netherite_monstrosity, iceandfire:fire_dragon, iceandfire:ice_dragon, iceandfire:lightning_dragon, iceandfire:dragon_multipart]. 
[00:11:28] [Thread-2/WARN]: Incorrect key Living Entities Tick Settings.EntitiesModIDWhiteList was corrected from null to its default, [create, witherstormmod]. 
[00:11:28] [Thread-2/WARN]: Incorrect key Living Entities Tick Settings.TickRaidersInRaid was corrected from null to its default, true. 
[00:11:28] [Thread-2/WARN]: Incorrect key Living Entities Tick Settings.RaidEntitiesWhiteList was corrected from null to its default, [minecraft:witch, minecraft:vex]. 
[00:11:28] [Thread-2/WARN]: Incorrect key Living Entities Tick Settings.RaidEntitiesModIDWhiteList was corrected from null to its default, []. 
[00:11:28] [Thread-2/WARN]: Incorrect key Living Entities Tick Settings.AllowForceLoaded was corrected from null to its default, true. 
[00:11:28] [Thread-2/WARN]: Incorrect key Living Entities Tick Settings.DimensionWhitelist was corrected from null to its default, []. 
[00:11:28] [Thread-2/WARN]: Incorrect key Living Entities Tick Settings.IgnoreDeadEntities was corrected from null to its default, false. 
[00:11:28] [Thread-2/WARN]: Incorrect key Living Entities Tick Settings.Ignore hostile entities was corrected from null to its default, false. 
[00:11:28] [Thread-2/WARN]: Incorrect key Item Entities Tick Settings was corrected from null to its default, SimpleCommentedConfig:{}. 
[00:11:28] [Thread-2/WARN]: Incorrect key Item Entities Tick Settings.OptimizeItemMovement was corrected from null to its default, false. 
[00:11:28] [Thread-2/WARN]: Incorrect key Item Entities Tick Settings.ItemWhiteList was corrected from null to its default, [minecraft:cobblestone]. 
[00:11:32] [Thread-2/WARN]: Configuration file /workspaces/Vanilla-/servidor_minecraft/./config/farmersdelight-common.toml is not correct. Correcting
[00:11:32] [Thread-2/WARN]: Configuration file /workspaces/Vanilla-/servidor_minecraft/./config/farmersdelight-common.toml is not correct. Correcting
[00:11:32] [Thread-2/WARN]: Configuration file /workspaces/Vanilla-/servidor_minecraft/./config/farmersdelight-common.toml is not correct. Correcting
[00:11:32] [Thread-2/WARN]: Configuration file /workspaces/Vanilla-/servidor_minecraft/./config/farmersdelight-common.toml is not correct. Correcting
[00:11:32] [Thread-2/WARN]: Configuration file /workspaces/Vanilla-/servidor_minecraft/./config/farmersdelight-common.toml is not correct. Correcting
[00:16:56] [Server thread/INFO]: Fabiopro0113[/10.194.30.211:61495] logged in with entity id 3342 at (-278.69999998807907, 8.0, -778.6999999880791)
[00:16:56] [Server thread/INFO]: Syncing config to Fabiopro0113 (d5c84e5b-26c0-3630-9a5d-ffaa3c58fb9f)
[00:16:56] [Server thread/INFO]: Fabiopro0113 joined the game
[00:16:56] [Server thread/INFO]: Fabiopro0113 lost connection: Disconnected
[00:16:56] [Server thread/INFO]: Fabiopro0113 left the game
[00:25:48] [Server thread/INFO]: Bananero[/10.194.30.106:58810] logged in with entity id 3374 at (170.30000001192093, 63.0, -1115.1594746664884)
[00:25:48] [Server thread/INFO]: Syncing config to Bananero (b759c941-e353-38d9-ac50-8f7663f69e7a)
[00:25:48] [Server thread/INFO]: Bananero joined the game
[00:37:42] [Server thread/WARN]: Bananero was kicked for floating too long!
[00:37:42] [Server thread/INFO]: Bananero lost connection: Flying is not enabled on this server
[00:37:42] [Server thread/INFO]: Bananero left the game
[00:37:42] [Server thread/WARN]: handleDisconnection() called twice
